<?xml version="1.0" encoding="UTF-8"?>
<testng-results skipped="0" failed="0" total="1" passed="1">
  <reporter-output>
  </reporter-output>
  <suite name="Suite" duration-ms="104104" started-at="2017-10-09T13:44:27Z" finished-at="2017-10-09T13:46:11Z">
    <groups>
    </groups>
    <test name="Test" duration-ms="104104" started-at="2017-10-09T13:44:27Z" finished-at="2017-10-09T13:46:11Z">
      <class name="testscripts.VerifyLogin">
        <test-method status="PASS" signature="setUp()[pri:0, instance:testscripts.VerifyLogin@523884b2]" name="setUp" is-config="true" duration-ms="9940" started-at="2017-10-09T19:14:27Z" finished-at="2017-10-09T19:14:37Z">
          <reporter-output>
          </reporter-output>
        </test-method> <!-- setUp -->
        <test-method status="PASS" signature="testVerifyLogin()[pri:0, instance:testscripts.VerifyLogin@523884b2]" name="testVerifyLogin" duration-ms="93382" started-at="2017-10-09T19:14:37Z" finished-at="2017-10-09T19:16:11Z">
          <reporter-output>
          </reporter-output>
        </test-method> <!-- testVerifyLogin -->
        <test-method status="PASS" signature="tearDwon()[pri:0, instance:testscripts.VerifyLogin@523884b2]" name="tearDwon" is-config="true" duration-ms="780" started-at="2017-10-09T19:16:11Z" finished-at="2017-10-09T19:16:11Z">
          <reporter-output>
          </reporter-output>
        </test-method> <!-- tearDwon -->
      </class> <!-- testscripts.VerifyLogin -->
    </test> <!-- Test -->
  </suite> <!-- Suite -->
</testng-results>
